kafka-1  | [2026-03-16 05:11:25,471] INFO [Partition __consumer_offsets-22 broker=0] Log loaded for partition __consumer_offsets-22 with initial high watermark 0 (kafka.cluster.Partition)
kafka-1  | [2026-03-16 05:11:25,471] INFO [Broker id=0] Leader __consumer_offsets-22 with topic id Some(FAQzZqHCQuqh9DiG1j5f0g) starts at leader epoch 0 from offset 0 with partition epoch 0, high watermark 0, ISR [0], adding replicas [] and removing replicas [] . Previous leader None and previous leader epoch was -1. (state.change.logger)
kafka-1  | [2026-03-16 05:11:25,476] INFO [Broker id=0] Creating new partition __consumer_offsets-18 with topic id FAQzZqHCQuqh9DiG1j5f0g. (state.change.logger)
kafka-1  | [2026-03-16 05:11:25,477] INFO [LogLoader partition=__consumer_offsets-18, dir=/bitnami/kafka/data] Loading producer state till offset 0 with message format version 2 (kafka.log.UnifiedLog$)
kafka-1  | [2026-03-16 05:11:25,477] INFO Created log for partition __consumer_offsets-18 in /bitnami/kafka/data/__consumer_offsets-18 with properties {cleanup.policy=compact, compression.type="producer", segment.bytes=104857600} (kafka.log.LogManager)
kafka-1  | [2026-03-16 05:11:25,477] INFO [Partition __consumer_offsets-18 broker=0] No checkpointed highwatermark is found for partition __consumer_offsets-18 (kafka.cluster.Partition)
kafka-1  | [2026-03-16 05:11:25,477] INFO [Partition __consumer_offsets-18 broker=0] Log loaded for partition __consumer_offsets-18 with initial high watermark 0 (kafka.cluster.Partition)
kafka-1  | [2026-03-16 05:11:25,477] INFO [Broker id=0] Leader __consumer_offsets-18 with topic id Some(FAQzZqHCQuqh9DiG1j5f0g) starts at leader epoch 0 from offset 0 with partition epoch 0, high watermark 0, ISR [0], adding replicas [] and removing replicas [] . Previous leader None and previous leader epoch was -1. (state.change.logger)
kafka-1  | [2026-03-16 05:11:25,482] INFO [Broker id=0] Creating new partition __consumer_offsets-31 with topic id FAQzZqHCQuqh9DiG1j5f0g. (state.change.logger)
kafka-1  | [2026-03-16 05:11:25,484] INFO [LogLoader partition=__consumer_offsets-31, dir=/bitnami/kafka/data] Loading producer state till offset 0 with message format version 2 (kafka.log.UnifiedLog$)
kafka-1  | [2026-03-16 05:11:25,485] INFO Created log for partition __consumer_offsets-31 in /bitnami/kafka/data/__consumer_offsets-31 with properties {cleanup.policy=compact, compression.type="producer", segment.bytes=104857600} (kafka.log.LogManager)
kafka-1  | [2026-03-16 05:11:25,485] INFO [Partition __consumer_offsets-31 broker=0] No checkpointed highwatermark is found for partition __consumer_offsets-31 (kafka.cluster.Partition)
kafka-1  | [2026-03-16 05:11:25,485] INFO [Partition __consumer_offsets-31 broker=0] Log loaded for partition __consumer_offsets-31 with initial high watermark 0 (kafka.cluster.Partition)
kafka-1  | [2026-03-16 05:11:25,485] INFO [Broker id=0] Leader __consumer_offsets-31 with topic id Some(FAQzZqHCQuqh9DiG1j5f0g) starts at leader epoch 0 from offset 0 with partition epoch 0, high watermark 0, ISR [0], adding replicas [] and removing replicas [] . Previous leader None and previous leader epoch was -1. (state.change.logger)
kafka-1  | [2026-03-16 05:11:25,488] INFO [Broker id=0] Creating new partition __consumer_offsets-27 with topic id FAQzZqHCQuqh9DiG1j5f0g. (state.change.logger)
kafka-1  | [2026-03-16 05:11:25,489] INFO [LogLoader partition=__consumer_offsets-27, dir=/bitnami/kafka/data] Loading producer state till offset 0 with message format version 2 (kafka.log.UnifiedLog$)
kafka-1  | [2026-03-16 05:11:25,489] INFO Created log for partition __consumer_offsets-27 in /bitnami/kafka/data/__consumer_offsets-27 with properties {cleanup.policy=compact, compression.type="producer", segment.bytes=104857600} (kafka.log.LogManager)
kafka-1  | [2026-03-16 05:11:25,489] INFO [Partition __consumer_offsets-27 broker=0] No checkpointed highwatermark is found for partition __consumer_offsets-27 (kafka.cluster.Partition)
kafka-1  | [2026-03-16 05:11:25,489] INFO [Partition __consumer_offsets-27 broker=0] Log loaded for partition __consumer_offsets-27 with initial high watermark 0 (kafka.cluster.Partition)
kafka-1  | [2026-03-16 05:11:25,489] INFO [Broker id=0] Leader __consumer_offsets-27 with topic id Some(FAQzZqHCQuqh9DiG1j5f0g) starts at leader epoch 0 from offset 0 with partition epoch 0, high watermark 0, ISR [0], adding replicas [] and removing replicas [] . Previous leader None and previous leader epoch was -1. (state.change.logger)
kafka-1  | [2026-03-16 05:11:25,492] INFO [Broker id=0] Creating new partition __consumer_offsets-39 with topic id FAQzZqHCQuqh9DiG1j5f0g. (state.change.logger)
kafka-1  | [2026-03-16 05:11:25,494] INFO [LogLoader partition=__consumer_offsets-39, dir=/bitnami/kafka/data] Loading producer state till offset 0 with message format version 2 (kafka.log.UnifiedLog$)
kafka-1  | [2026-03-16 05:11:25,494] INFO Created log for partition __consumer_offsets-39 in /bitnami/kafka/data/__consumer_offsets-39 with properties {cleanup.policy=compact, compression.type="producer", segment.bytes=104857600} (kafka.log.LogManager)
kafka-1  | [2026-03-16 05:11:25,494] INFO [Partition __consumer_offsets-39 broker=0] No checkpointed highwatermark is found for partition __consumer_offsets-39 (kafka.cluster.Partition)
kafka-1  | [2026-03-16 05:11:25,494] INFO [Partition __consumer_offsets-39 broker=0] Log loaded for partition __consumer_offsets-39 with initial high watermark 0 (kafka.cluster.Partition)
kafka-1  | [2026-03-16 05:11:25,494] INFO [Broker id=0] Leader __consumer_offsets-39 with topic id Some(FAQzZqHCQuqh9DiG1j5f0g) starts at leader epoch 0 from offset 0 with partition epoch 0, high watermark 0, ISR [0], adding replicas [] and removing replicas [] . Previous leader None and previous leader epoch was -1. (state.change.logger)
kafka-1  | [2026-03-16 05:11:25,497] INFO [Broker id=0] Creating new partition __consumer_offsets-6 with topic id FAQzZqHCQuqh9DiG1j5f0g. (state.change.logger)
kafka-1  | [2026-03-16 05:11:25,498] INFO [LogLoader partition=__consumer_offsets-6, dir=/bitnami/kafka/data] Loading producer state till offset 0 with message format version 2 (kafka.log.UnifiedLog$)
kafka-1  | [2026-03-16 05:11:25,498] INFO Created log for partition __consumer_offsets-6 in /bitnami/kafka/data/__consumer_offsets-6 with properties {cleanup.policy=compact, compression.type="producer", segment.bytes=104857600} (kafka.log.LogManager)
kafka-1  | [2026-03-16 05:11:25,498] INFO [Partition __consumer_offsets-6 broker=0] No checkpointed highwatermark is found for partition __consumer_offsets-6 (kafka.cluster.Partition)
kafka-1  | [2026-03-16 05:11:25,498] INFO [Partition __consumer_offsets-6 broker=0] Log loaded for partition __consumer_offsets-6 with initial high watermark 0 (kafka.cluster.Partition)
kafka-1  | [2026-03-16 05:11:25,498] INFO [Broker id=0] Leader __consumer_offsets-6 with topic id Some(FAQzZqHCQuqh9DiG1j5f0g) starts at leader epoch 0 from offset 0 with partition epoch 0, high watermark 0, ISR [0], adding replicas [] and removing replicas [] . Previous leader None and previous leader epoch was -1. (state.change.logger)
kafka-1  | [2026-03-16 05:11:25,501] INFO [Broker id=0] Creating new partition __consumer_offsets-35 with topic id FAQzZqHCQuqh9DiG1j5f0g. (state.change.logger)
kafka-1  | [2026-03-16 05:11:25,502] INFO [LogLoader partition=__consumer_offsets-35, dir=/bitnami/kafka/data] Loading producer state till offset 0 with message format version 2 (kafka.log.UnifiedLog$)
kafka-1  | [2026-03-16 05:11:25,502] INFO Created log for partition __consumer_offsets-35 in /bitnami/kafka/data/__consumer_offsets-35 with properties {cleanup.policy=compact, compression.type="producer", segment.bytes=104857600} (kafka.log.LogManager)
kafka-1  | [2026-03-16 05:11:25,502] INFO [Partition __consumer_offsets-35 broker=0] No checkpointed highwatermark is found for partition __consumer_offsets-35 (kafka.cluster.Partition)
kafka-1  | [2026-03-16 05:11:25,502] INFO [Partition __consumer_offsets-35 broker=0] Log loaded for partition __consumer_offsets-35 with initial high watermark 0 (kafka.cluster.Partition)
kafka-1  | [2026-03-16 05:11:25,502] INFO [Broker id=0] Leader __consumer_offsets-35 with topic id Some(FAQzZqHCQuqh9DiG1j5f0g) starts at leader epoch 0 from offset 0 with partition epoch 0, high watermark 0, ISR [0], adding replicas [] and removing replicas [] . Previous leader None and previous leader epoch was -1. (state.change.logger)
kafka-1  | [2026-03-16 05:11:25,508] INFO [Broker id=0] Creating new partition __consumer_offsets-2 with topic id FAQzZqHCQuqh9DiG1j5f0g. (state.change.logger)
kafka-1  | [2026-03-16 05:11:25,509] INFO [LogLoader partition=__consumer_offsets-2, dir=/bitnami/kafka/data] Loading producer state till offset 0 with message format version 2 (kafka.log.UnifiedLog$)
kafka-1  | [2026-03-16 05:11:25,510] INFO Created log for partition __consumer_offsets-2 in /bitnami/kafka/data/__consumer_offsets-2 with properties {cleanup.policy=compact, compression.type="producer", segment.bytes=104857600} (kafka.log.LogManager)
kafka-1  | [2026-03-16 05:11:25,510] INFO [Partition __consumer_offsets-2 broker=0] No checkpointed highwatermark is found for partition __consumer_offsets-2 (kafka.cluster.Partition)
kafka-1  | [2026-03-16 05:11:25,510] INFO [Partition __consumer_offsets-2 broker=0] Log loaded for partition __consumer_offsets-2 with initial high watermark 0 (kafka.cluster.Partition)
kafka-1  | [2026-03-16 05:11:25,510] INFO [Broker id=0] Leader __consumer_offsets-2 with topic id Some(FAQzZqHCQuqh9DiG1j5f0g) starts at leader epoch 0 from offset 0 with partition epoch 0, high watermark 0, ISR [0], adding replicas [] and removing replicas [] . Previous leader None and previous leader epoch was -1. (state.change.logger)
kafka-1  | [2026-03-16 05:11:25,514] INFO [GroupCoordinator 0]: Elected as the group coordinator for partition 13 in epoch 0 (kafka.coordinator.group.GroupCoordinator)
kafka-1  | [2026-03-16 05:11:25,514] INFO [GroupMetadataManager brokerId=0] Scheduling loading of offsets and group metadata from __consumer_offsets-13 for epoch 0 (kafka.coordinator.group.GroupMetadataManager)
kafka-1  | [2026-03-16 05:11:25,514] INFO [GroupCoordinator 0]: Elected as the group coordinator for partition 46 in epoch 0 (kafka.coordinator.group.GroupCoordinator)
kafka-1  | [2026-03-16 05:11:25,514] INFO [GroupMetadataManager brokerId=0] Scheduling loading of offsets and group metadata from __consumer_offsets-46 for epoch 0 (kafka.coordinator.group.GroupMetadataManager)
kafka-1  | [2026-03-16 05:11:25,514] INFO [GroupCoordinator 0]: Elected as the group coordinator for partition 9 in epoch 0 (kafka.coordinator.group.GroupCoordinator)
kafka-1  | [2026-03-16 05:11:25,514] INFO [GroupMetadataManager brokerId=0] Scheduling loading of offsets and group metadata from __consumer_offsets-9 for epoch 0 (kafka.coordinator.group.GroupMetadataManager)
kafka-1  | [2026-03-16 05:11:25,514] INFO [GroupCoordinator 0]: Elected as the group coordinator for partition 42 in epoch 0 (kafka.coordinator.group.GroupCoordinator)
kafka-1  | [2026-03-16 05:11:25,514] INFO [GroupMetadataManager brokerId=0] Scheduling loading of offsets and group metadata from __consumer_offsets-42 for epoch 0 (kafka.coordinator.group.GroupMetadataManager)
kafka-1  | [2026-03-16 05:11:25,514] INFO [GroupCoordinator 0]: Elected as the group coordinator for partition 21 in epoch 0 (kafka.coordinator.group.GroupCoordinator)
kafka-1  | [2026-03-16 05:11:25,514] INFO [GroupMetadataManager brokerId=0] Scheduling loading of offsets and group metadata from __consumer_offsets-21 for epoch 0 (kafka.coordinator.group.GroupMetadataManager)
kafka-1  | [2026-03-16 05:11:25,514] INFO [GroupCoordinator 0]: Elected as the group coordinator for partition 17 in epoch 0 (kafka.coordinator.group.GroupCoordinator)
kafka-1  | [2026-03-16 05:11:25,514] INFO [GroupMetadataManager brokerId=0] Scheduling loading of offsets and group metadata from __consumer_offsets-17 for epoch 0 (kafka.coordinator.group.GroupMetadataManager)
kafka-1  | [2026-03-16 05:11:25,514] INFO [GroupCoordinator 0]: Elected as the group coordinator for partition 30 in epoch 0 (kafka.coordinator.group.GroupCoordinator)
kafka-1  | [2026-03-16 05:11:25,514] INFO [GroupMetadataManager brokerId=0] Scheduling loading of offsets and group metadata from __consumer_offsets-30 for epoch 0 (kafka.coordinator.group.GroupMetadataManager)
kafka-1  | [2026-03-16 05:11:25,514] INFO [GroupCoordinator 0]: Elected as the group coordinator for partition 26 in epoch 0 (kafka.coordinator.group.GroupCoordinator)
kafka-1  | [2026-03-16 05:11:25,514] INFO [GroupMetadataManager brokerId=0] Scheduling loading of offsets and group metadata from __consumer_offsets-26 for epoch 0 (kafka.coordinator.group.GroupMetadataManager)
kafka-1  | [2026-03-16 05:11:25,514] INFO [GroupCoordinator 0]: Elected as the group coordinator for partition 5 in epoch 0 (kafka.coordinator.group.GroupCoordinator)
kafka-1  | [2026-03-16 05:11:25,514] INFO [GroupMetadataManager brokerId=0] Scheduling loading of offsets and group metadata from __consumer_offsets-5 for epoch 0 (kafka.coordinator.group.GroupMetadataManager)
kafka-1  | [2026-03-16 05:11:25,514] INFO [GroupCoordinator 0]: Elected as the group coordinator for partition 38 in epoch 0 (kafka.coordinator.group.GroupCoordinator)
kafka-1  | [2026-03-16 05:11:25,514] INFO [GroupMetadataManager brokerId=0] Scheduling loading of offsets and group metadata from __consumer_offsets-38 for epoch 0 (kafka.coordinator.group.GroupMetadataManager)
kafka-1  | [2026-03-16 05:11:25,514] INFO [GroupCoordinator 0]: Elected as the group coordinator for partition 1 in epoch 0 (kafka.coordinator.group.GroupCoordinator)
kafka-1  | [2026-03-16 05:11:25,514] INFO [GroupMetadataManager brokerId=0] Scheduling loading of offsets and group metadata from __consumer_offsets-1 for epoch 0 (kafka.coordinator.group.GroupMetadataManager)
kafka-1  | [2026-03-16 05:11:25,514] INFO [GroupCoordinator 0]: Elected as the group coordinator for partition 34 in epoch 0 (kafka.coordinator.group.GroupCoordinator)
kafka-1  | [2026-03-16 05:11:25,514] INFO [GroupMetadataManager brokerId=0] Scheduling loading of offsets and group metadata from __consumer_offsets-34 for epoch 0 (kafka.coordinator.group.GroupMetadataManager)
kafka-1  | [2026-03-16 05:11:25,514] INFO [GroupCoordinator 0]: Elected as the group coordinator for partition 16 in epoch 0 (kafka.coordinator.group.GroupCoordinator)
kafka-1  | [2026-03-16 05:11:25,514] INFO [GroupMetadataManager brokerId=0] Scheduling loading of offsets and group metadata from __consumer_offsets-16 for epoch 0 (kafka.coordinator.group.GroupMetadataManager)
kafka-1  | [2026-03-16 05:11:25,514] INFO [GroupCoordinator 0]: Elected as the group coordinator for partition 45 in epoch 0 (kafka.coordinator.group.GroupCoordinator)
kafka-1  | [2026-03-16 05:11:25,514] INFO [GroupMetadataManager brokerId=0] Scheduling loading of offsets and group metadata from __consumer_offsets-45 for epoch 0 (kafka.coordinator.group.GroupMetadataManager)
kafka-1  | [2026-03-16 05:11:25,514] INFO [GroupCoordinator 0]: Elected as the group coordinator for partition 12 in epoch 0 (kafka.coordinator.group.GroupCoordinator)
kafka-1  | [2026-03-16 05:11:25,515] INFO [GroupMetadataManager brokerId=0] Scheduling loading of offsets and group metadata from __consumer_offsets-12 for epoch 0 (kafka.coordinator.group.GroupMetadataManager)
kafka-1  | [2026-03-16 05:11:25,515] INFO [GroupCoordinator 0]: Elected as the group coordinator for partition 41 in epoch 0 (kafka.coordinator.group.GroupCoordinator)
kafka-1  | [2026-03-16 05:11:25,515] INFO [GroupMetadataManager brokerId=0] Scheduling loading of offsets and group metadata from __consumer_offsets-41 for epoch 0 (kafka.coordinator.group.GroupMetadataManager)
kafka-1  | [2026-03-16 05:11:25,515] INFO [GroupCoordinator 0]: Elected as the group coordinator for partition 24 in epoch 0 (kafka.coordinator.group.GroupCoordinator)
kafka-1  | [2026-03-16 05:11:25,515] INFO [GroupMetadataManager brokerId=0] Scheduling loading of offsets and group metadata from __consumer_offsets-24 for epoch 0 (kafka.coordinator.group.GroupMetadataManager)
kafka-1  | [2026-03-16 05:11:25,515] INFO [GroupCoordinator 0]: Elected as the group coordinator for partition 20 in epoch 0 (kafka.coordinator.group.GroupCoordinator)
kafka-1  | [2026-03-16 05:11:25,515] INFO [GroupMetadataManager brokerId=0] Scheduling loading of offsets and group metadata from __consumer_offsets-20 for epoch 0 (kafka.coordinator.group.GroupMetadataManager)
kafka-1  | [2026-03-16 05:11:25,515] INFO [GroupCoordinator 0]: Elected as the group coordinator for partition 49 in epoch 0 (kafka.coordinator.group.GroupCoordinator)
kafka-1  | [2026-03-16 05:11:25,515] INFO [GroupMetadataManager brokerId=0] Scheduling loading of offsets and group metadata from __consumer_offsets-49 for epoch 0 (kafka.coordinator.group.GroupMetadataManager)
kafka-1  | [2026-03-16 05:11:25,515] INFO [GroupCoordinator 0]: Elected as the group coordinator for partition 0 in epoch 0 (kafka.coordinator.group.GroupCoordinator)
kafka-1  | [2026-03-16 05:11:25,515] INFO [GroupMetadataManager brokerId=0] Scheduling loading of offsets and group metadata from __consumer_offsets-0 for epoch 0 (kafka.coordinator.group.GroupMetadataManager)
kafka-1  | [2026-03-16 05:11:25,515] INFO [GroupCoordinator 0]: Elected as the group coordinator for partition 29 in epoch 0 (kafka.coordinator.group.GroupCoordinator)
kafka-1  | [2026-03-16 05:11:25,515] INFO [GroupMetadataManager brokerId=0] Scheduling loading of offsets and group metadata from __consumer_offsets-29 for epoch 0 (kafka.coordinator.group.GroupMetadataManager)
kafka-1  | [2026-03-16 05:11:25,515] INFO [GroupCoordinator 0]: Elected as the group coordinator for partition 25 in epoch 0 (kafka.coordinator.group.GroupCoordinator)
kafka-1  | [2026-03-16 05:11:25,515] INFO [GroupMetadataManager brokerId=0] Scheduling loading of offsets and group metadata from __consumer_offsets-25 for epoch 0 (kafka.coordinator.group.GroupMetadataManager)
kafka-1  | [2026-03-16 05:11:25,515] INFO [GroupCoordinator 0]: Elected as the group coordinator for partition 8 in epoch 0 (kafka.coordinator.group.GroupCoordinator)
kafka-1  | [2026-03-16 05:11:25,515] INFO [GroupMetadataManager brokerId=0] Scheduling loading of offsets and group metadata from __consumer_offsets-8 for epoch 0 (kafka.coordinator.group.GroupMetadataManager)
kafka-1  | [2026-03-16 05:11:25,515] INFO [GroupCoordinator 0]: Elected as the group coordinator for partition 37 in epoch 0 (kafka.coordinator.group.GroupCoordinator)
kafka-1  | [2026-03-16 05:11:25,515] INFO [GroupMetadataManager brokerId=0] Scheduling loading of offsets and group metadata from __consumer_offsets-37 for epoch 0 (kafka.coordinator.group.GroupMetadataManager)
kafka-1  | [2026-03-16 05:11:25,515] INFO [GroupCoordinator 0]: Elected as the group coordinator for partition 4 in epoch 0 (kafka.coordinator.group.GroupCoordinator)
kafka-1  | [2026-03-16 05:11:25,515] INFO [GroupMetadataManager brokerId=0] Scheduling loading of offsets and group metadata from __consumer_offsets-4 for epoch 0 (kafka.coordinator.group.GroupMetadataManager)
kafka-1  | [2026-03-16 05:11:25,515] INFO [GroupCoordinator 0]: Elected as the group coordinator for partition 33 in epoch 0 (kafka.coordinator.group.GroupCoordinator)
kafka-1  | [2026-03-16 05:11:25,515] INFO [GroupMetadataManager brokerId=0] Scheduling loading of offsets and group metadata from __consumer_offsets-33 for epoch 0 (kafka.coordinator.group.GroupMetadataManager)
kafka-1  | [2026-03-16 05:11:25,515] INFO [GroupCoordinator 0]: Elected as the group coordinator for partition 15 in epoch 0 (kafka.coordinator.group.GroupCoordinator)
kafka-1  | [2026-03-16 05:11:25,515] INFO [GroupMetadataManager brokerId=0] Scheduling loading of offsets and group metadata from __consumer_offsets-15 for epoch 0 (kafka.coordinator.group.GroupMetadataManager)
kafka-1  | [2026-03-16 05:11:25,515] INFO [GroupCoordinator 0]: Elected as the group coordinator for partition 48 in epoch 0 (kafka.coordinator.group.GroupCoordinator)
kafka-1  | [2026-03-16 05:11:25,515] INFO [GroupMetadataManager brokerId=0] Scheduling loading of offsets and group metadata from __consumer_offsets-48 for epoch 0 (kafka.coordinator.group.GroupMetadataManager)
kafka-1  | [2026-03-16 05:11:25,515] INFO [GroupCoordinator 0]: Elected as the group coordinator for partition 11 in epoch 0 (kafka.coordinator.group.GroupCoordinator)
kafka-1  | [2026-03-16 05:11:25,515] INFO [GroupMetadataManager brokerId=0] Scheduling loading of offsets and group metadata from __consumer_offsets-11 for epoch 0 (kafka.coordinator.group.GroupMetadataManager)
kafka-1  | [2026-03-16 05:11:25,515] INFO [GroupCoordinator 0]: Elected as the group coordinator for partition 44 in epoch 0 (kafka.coordinator.group.GroupCoordinator)
kafka-1  | [2026-03-16 05:11:25,515] INFO [GroupMetadataManager brokerId=0] Scheduling loading of offsets and group metadata from __consumer_offsets-44 for epoch 0 (kafka.coordinator.group.GroupMetadataManager)
kafka-1  | [2026-03-16 05:11:25,515] INFO [GroupCoordinator 0]: Elected as the group coordinator for partition 23 in epoch 0 (kafka.coordinator.group.GroupCoordinator)
kafka-1  | [2026-03-16 05:11:25,515] INFO [GroupMetadataManager brokerId=0] Scheduling loading of offsets and group metadata from __consumer_offsets-23 for epoch 0 (kafka.coordinator.group.GroupMetadataManager)
kafka-1  | [2026-03-16 05:11:25,515] INFO [GroupCoordinator 0]: Elected as the group coordinator for partition 19 in epoch 0 (kafka.coordinator.group.GroupCoordinator)
kafka-1  | [2026-03-16 05:11:25,515] INFO [GroupMetadataManager brokerId=0] Scheduling loading of offsets and group metadata from __consumer_offsets-19 for epoch 0 (kafka.coordinator.group.GroupMetadataManager)
kafka-1  | [2026-03-16 05:11:25,515] INFO [GroupCoordinator 0]: Elected as the group coordinator for partition 32 in epoch 0 (kafka.coordinator.group.GroupCoordinator)
kafka-1  | [2026-03-16 05:11:25,515] INFO [GroupMetadataManager brokerId=0] Scheduling loading of offsets and group metadata from __consumer_offsets-32 for epoch 0 (kafka.coordinator.group.GroupMetadataManager)
kafka-1  | [2026-03-16 05:11:25,515] INFO [GroupCoordinator 0]: Elected as the group coordinator for partition 28 in epoch 0 (kafka.coordinator.group.GroupCoordinator)
kafka-1  | [2026-03-16 05:11:25,515] INFO [GroupMetadataManager brokerId=0] Scheduling loading of offsets and group metadata from __consumer_offsets-28 for epoch 0 (kafka.coordinator.group.GroupMetadataManager)
kafka-1  | [2026-03-16 05:11:25,515] INFO [GroupCoordinator 0]: Elected as the group coordinator for partition 7 in epoch 0 (kafka.coordinator.group.GroupCoordinator)
kafka-1  | [2026-03-16 05:11:25,515] INFO [GroupMetadataManager brokerId=0] Scheduling loading of offsets and group metadata from __consumer_offsets-7 for epoch 0 (kafka.coordinator.group.GroupMetadataManager)
kafka-1  | [2026-03-16 05:11:25,515] INFO [GroupCoordinator 0]: Elected as the group coordinator for partition 40 in epoch 0 (kafka.coordinator.group.GroupCoordinator)
kafka-1  | [2026-03-16 05:11:25,515] INFO [GroupMetadataManager brokerId=0] Scheduling loading of offsets and group metadata from __consumer_offsets-40 for epoch 0 (kafka.coordinator.group.GroupMetadataManager)
kafka-1  | [2026-03-16 05:11:25,515] INFO [GroupCoordinator 0]: Elected as the group coordinator for partition 3 in epoch 0 (kafka.coordinator.group.GroupCoordinator)
kafka-1  | [2026-03-16 05:11:25,515] INFO [GroupMetadataManager brokerId=0] Scheduling loading of offsets and group metadata from __consumer_offsets-3 for epoch 0 (kafka.coordinator.group.GroupMetadataManager)
kafka-1  | [2026-03-16 05:11:25,515] INFO [GroupCoordinator 0]: Elected as the group coordinator for partition 36 in epoch 0 (kafka.coordinator.group.GroupCoordinator)
kafka-1  | [2026-03-16 05:11:25,515] INFO [GroupMetadataManager brokerId=0] Scheduling loading of offsets and group metadata from __consumer_offsets-36 for epoch 0 (kafka.coordinator.group.GroupMetadataManager)
kafka-1  | [2026-03-16 05:11:25,515] INFO [GroupCoordinator 0]: Elected as the group coordinator for partition 47 in epoch 0 (kafka.coordinator.group.GroupCoordinator)
kafka-1  | [2026-03-16 05:11:25,515] INFO [GroupMetadataManager brokerId=0] Scheduling loading of offsets and group metadata from __consumer_offsets-47 for epoch 0 (kafka.coordinator.group.GroupMetadataManager)
kafka-1  | [2026-03-16 05:11:25,515] INFO [GroupCoordinator 0]: Elected as the group coordinator for partition 14 in epoch 0 (kafka.coordinator.group.GroupCoordinator)
kafka-1  | [2026-03-16 05:11:25,515] INFO [GroupMetadataManager brokerId=0] Scheduling loading of offsets and group metadata from __consumer_offsets-14 for epoch 0 (kafka.coordinator.group.GroupMetadataManager)
kafka-1  | [2026-03-16 05:11:25,515] INFO [GroupCoordinator 0]: Elected as the group coordinator for partition 43 in epoch 0 (kafka.coordinator.group.GroupCoordinator)
kafka-1  | [2026-03-16 05:11:25,515] INFO [GroupMetadataManager brokerId=0] Scheduling loading of offsets and group metadata from __consumer_offsets-43 for epoch 0 (kafka.coordinator.group.GroupMetadataManager)
kafka-1  | [2026-03-16 05:11:25,515] INFO [GroupCoordinator 0]: Elected as the group coordinator for partition 10 in epoch 0 (kafka.coordinator.group.GroupCoordinator)
kafka-1  | [2026-03-16 05:11:25,515] INFO [GroupMetadataManager brokerId=0] Scheduling loading of offsets and group metadata from __consumer_offsets-10 for epoch 0 (kafka.coordinator.group.GroupMetadataManager)
kafka-1  | [2026-03-16 05:11:25,515] INFO [GroupCoordinator 0]: Elected as the group coordinator for partition 22 in epoch 0 (kafka.coordinator.group.GroupCoordinator)
kafka-1  | [2026-03-16 05:11:25,515] INFO [GroupMetadataManager brokerId=0] Scheduling loading of offsets and group metadata from __consumer_offsets-22 for epoch 0 (kafka.coordinator.group.GroupMetadataManager)
kafka-1  | [2026-03-16 05:11:25,515] INFO [GroupCoordinator 0]: Elected as the group coordinator for partition 18 in epoch 0 (kafka.coordinator.group.GroupCoordinator)
kafka-1  | [2026-03-16 05:11:25,515] INFO [GroupMetadataManager brokerId=0] Scheduling loading of offsets and group metadata from __consumer_offsets-18 for epoch 0 (kafka.coordinator.group.GroupMetadataManager)
kafka-1  | [2026-03-16 05:11:25,515] INFO [GroupCoordinator 0]: Elected as the group coordinator for partition 31 in epoch 0 (kafka.coordinator.group.GroupCoordinator)
kafka-1  | [2026-03-16 05:11:25,515] INFO [GroupMetadataManager brokerId=0] Scheduling loading of offsets and group metadata from __consumer_offsets-31 for epoch 0 (kafka.coordinator.group.GroupMetadataManager)
kafka-1  | [2026-03-16 05:11:25,515] INFO [GroupCoordinator 0]: Elected as the group coordinator for partition 27 in epoch 0 (kafka.coordinator.group.GroupCoordinator)
kafka-1  | [2026-03-16 05:11:25,515] INFO [GroupMetadataManager brokerId=0] Scheduling loading of offsets and group metadata from __consumer_offsets-27 for epoch 0 (kafka.coordinator.group.GroupMetadataManager)
kafka-1  | [2026-03-16 05:11:25,515] INFO [GroupCoordinator 0]: Elected as the group coordinator for partition 39 in epoch 0 (kafka.coordinator.group.GroupCoordinator)
kafka-1  | [2026-03-16 05:11:25,515] INFO [GroupMetadataManager brokerId=0] Scheduling loading of offsets and group metadata from __consumer_offsets-39 for epoch 0 (kafka.coordinator.group.GroupMetadataManager)
kafka-1  | [2026-03-16 05:11:25,515] INFO [GroupCoordinator 0]: Elected as the group coordinator for partition 6 in epoch 0 (kafka.coordinator.group.GroupCoordinator)
kafka-1  | [2026-03-16 05:11:25,515] INFO [GroupMetadataManager brokerId=0] Scheduling loading of offsets and group metadata from __consumer_offsets-6 for epoch 0 (kafka.coordinator.group.GroupMetadataManager)
kafka-1  | [2026-03-16 05:11:25,515] INFO [GroupCoordinator 0]: Elected as the group coordinator for partition 35 in epoch 0 (kafka.coordinator.group.GroupCoordinator)
kafka-1  | [2026-03-16 05:11:25,515] INFO [GroupMetadataManager brokerId=0] Scheduling loading of offsets and group metadata from __consumer_offsets-35 for epoch 0 (kafka.coordinator.group.GroupMetadataManager)
kafka-1  | [2026-03-16 05:11:25,515] INFO [GroupCoordinator 0]: Elected as the group coordinator for partition 2 in epoch 0 (kafka.coordinator.group.GroupCoordinator)
kafka-1  | [2026-03-16 05:11:25,515] INFO [GroupMetadataManager brokerId=0] Scheduling loading of offsets and group metadata from __consumer_offsets-2 for epoch 0 (kafka.coordinator.group.GroupMetadataManager)
kafka-1  | [2026-03-16 05:11:25,517] INFO [GroupMetadataManager brokerId=0] Finished loading offsets and group metadata from __consumer_offsets-13 in 2 milliseconds for epoch 0, of which 1 milliseconds was spent in the scheduler. (kafka.coordinator.group.GroupMetadataManager)
kafka-1  | [2026-03-16 05:11:25,517] INFO [GroupMetadataManager brokerId=0] Finished loading offsets and group metadata from __consumer_offsets-46 in 3 milliseconds for epoch 0, of which 3 milliseconds was spent in the scheduler. (kafka.coordinator.group.GroupMetadataManager)
kafka-1  | [2026-03-16 05:11:25,517] INFO [GroupMetadataManager brokerId=0] Finished loading offsets and group metadata from __consumer_offsets-9 in 3 milliseconds for epoch 0, of which 3 milliseconds was spent in the scheduler. (kafka.coordinator.group.GroupMetadataManager)
kafka-1  | [2026-03-16 05:11:25,517] INFO [GroupMetadataManager brokerId=0] Finished loading offsets and group metadata from __consumer_offsets-42 in 3 milliseconds for epoch 0, of which 3 milliseconds was spent in the scheduler. (kafka.coordinator.group.GroupMetadataManager)
kafka-1  | [2026-03-16 05:11:25,517] INFO [GroupMetadataManager brokerId=0] Finished loading offsets and group metadata from __consumer_offsets-21 in 3 milliseconds for epoch 0, of which 3 milliseconds was spent in the scheduler. (kafka.coordinator.group.GroupMetadataManager)
kafka-1  | [2026-03-16 05:11:25,517] INFO [GroupMetadataManager brokerId=0] Finished loading offsets and group metadata from __consumer_offsets-17 in 3 milliseconds for epoch 0, of which 3 milliseconds was spent in the scheduler. (kafka.coordinator.group.GroupMetadataManager)
kafka-1  | [2026-03-16 05:11:25,517] INFO [GroupMetadataManager brokerId=0] Finished loading offsets and group metadata from __consumer_offsets-30 in 3 milliseconds for epoch 0, of which 3 milliseconds was spent in the scheduler. (kafka.coordinator.group.GroupMetadataManager)
kafka-1  | [2026-03-16 05:11:25,517] INFO [DynamicConfigPublisher broker id=0] Updating topic __consumer_offsets with new configuration : cleanup.policy -> compact,segment.bytes -> 104857600,compression.type -> producer (kafka.server.metadata.DynamicConfigPublisher)
kafka-1  | [2026-03-16 05:11:25,517] INFO [GroupMetadataManager brokerId=0] Finished loading offsets and group metadata from __consumer_offsets-26 in 3 milliseconds for epoch 0, of which 3 milliseconds was spent in the scheduler. (kafka.coordinator.group.GroupMetadataManager)
kafka-1  | [2026-03-16 05:11:25,518] INFO [GroupMetadataManager brokerId=0] Finished loading offsets and group metadata from __consumer_offsets-5 in 4 milliseconds for epoch 0, of which 4 milliseconds was spent in the scheduler. (kafka.coordinator.group.GroupMetadataManager)
kafka-1  | [2026-03-16 05:11:25,518] INFO [GroupMetadataManager brokerId=0] Finished loading offsets and group metadata from __consumer_offsets-38 in 4 milliseconds for epoch 0, of which 4 milliseconds was spent in the scheduler. (kafka.coordinator.group.GroupMetadataManager)
kafka-1  | [2026-03-16 05:11:25,518] INFO [GroupMetadataManager brokerId=0] Finished loading offsets and group metadata from __consumer_offsets-1 in 4 milliseconds for epoch 0, of which 4 milliseconds was spent in the scheduler. (kafka.coordinator.group.GroupMetadataManager)
kafka-1  | [2026-03-16 05:11:25,518] INFO [GroupMetadataManager brokerId=0] Finished loading offsets and group metadata from __consumer_offsets-34 in 4 milliseconds for epoch 0, of which 4 milliseconds was spent in the scheduler. (kafka.coordinator.group.GroupMetadataManager)
kafka-1  | [2026-03-16 05:11:25,518] INFO [GroupMetadataManager brokerId=0] Finished loading offsets and group metadata from __consumer_offsets-16 in 4 milliseconds for epoch 0, of which 4 milliseconds was spent in the scheduler. (kafka.coordinator.group.GroupMetadataManager)
kafka-1  | [2026-03-16 05:11:25,519] INFO [GroupMetadataManager brokerId=0] Finished loading offsets and group metadata from __consumer_offsets-45 in 5 milliseconds for epoch 0, of which 4 milliseconds was spent in the scheduler. (kafka.coordinator.group.GroupMetadataManager)
kafka-1  | [2026-03-16 05:11:25,519] INFO [GroupMetadataManager brokerId=0] Finished loading offsets and group metadata from __consumer_offsets-12 in 4 milliseconds for epoch 0, of which 4 milliseconds was spent in the scheduler. (kafka.coordinator.group.GroupMetadataManager)
kafka-1  | [2026-03-16 05:11:25,519] INFO [GroupMetadataManager brokerId=0] Finished loading offsets and group metadata from __consumer_offsets-41 in 4 milliseconds for epoch 0, of which 4 milliseconds was spent in the scheduler. (kafka.coordinator.group.GroupMetadataManager)
kafka-1  | [2026-03-16 05:11:25,519] INFO [GroupMetadataManager brokerId=0] Finished loading offsets and group metadata from __consumer_offsets-24 in 4 milliseconds for epoch 0, of which 4 milliseconds was spent in the scheduler. (kafka.coordinator.group.GroupMetadataManager)
kafka-1  | [2026-03-16 05:11:25,520] INFO [GroupMetadataManager brokerId=0] Finished loading offsets and group metadata from __consumer_offsets-20 in 5 milliseconds for epoch 0, of which 4 milliseconds was spent in the scheduler. (kafka.coordinator.group.GroupMetadataManager)
kafka-1  | [2026-03-16 05:11:25,520] INFO [GroupMetadataManager brokerId=0] Finished loading offsets and group metadata from __consumer_offsets-49 in 5 milliseconds for epoch 0, of which 5 milliseconds was spent in the scheduler. (kafka.coordinator.group.GroupMetadataManager)
kafka-1  | [2026-03-16 05:11:25,520] INFO [GroupMetadataManager brokerId=0] Finished loading offsets and group metadata from __consumer_offsets-0 in 5 milliseconds for epoch 0, of which 5 milliseconds was spent in the scheduler. (kafka.coordinator.group.GroupMetadataManager)
kafka-1  | [2026-03-16 05:11:25,520] INFO [GroupMetadataManager brokerId=0] Finished loading offsets and group metadata from __consumer_offsets-29 in 5 milliseconds for epoch 0, of which 5 milliseconds was spent in the scheduler. (kafka.coordinator.group.GroupMetadataManager)
kafka-1  | [2026-03-16 05:11:25,520] INFO [GroupMetadataManager brokerId=0] Finished loading offsets and group metadata from __consumer_offsets-25 in 5 milliseconds for epoch 0, of which 5 milliseconds was spent in the scheduler. (kafka.coordinator.group.GroupMetadataManager)
kafka-1  | [2026-03-16 05:11:25,520] INFO [GroupMetadataManager brokerId=0] Finished loading offsets and group metadata from __consumer_offsets-8 in 5 milliseconds for epoch 0, of which 5 milliseconds was spent in the scheduler. (kafka.coordinator.group.GroupMetadataManager)
kafka-1  | [2026-03-16 05:11:25,520] INFO [GroupMetadataManager brokerId=0] Finished loading offsets and group metadata from __consumer_offsets-37 in 5 milliseconds for epoch 0, of which 5 milliseconds was spent in the scheduler. (kafka.coordinator.group.GroupMetadataManager)
kafka-1  | [2026-03-16 05:11:25,520] INFO [GroupMetadataManager brokerId=0] Finished loading offsets and group metadata from __consumer_offsets-4 in 5 milliseconds for epoch 0, of which 5 milliseconds was spent in the scheduler. (kafka.coordinator.group.GroupMetadataManager)
kafka-1  | [2026-03-16 05:11:25,520] INFO [GroupMetadataManager brokerId=0] Finished loading offsets and group metadata from __consumer_offsets-33 in 5 milliseconds for epoch 0, of which 5 milliseconds was spent in the scheduler. (kafka.coordinator.group.GroupMetadataManager)
kafka-1  | [2026-03-16 05:11:25,520] INFO [GroupMetadataManager brokerId=0] Finished loading offsets and group metadata from __consumer_offsets-15 in 5 milliseconds for epoch 0, of which 5 milliseconds was spent in the scheduler. (kafka.coordinator.group.GroupMetadataManager)
kafka-1  | [2026-03-16 05:11:25,520] INFO [GroupMetadataManager brokerId=0] Finished loading offsets and group metadata from __consumer_offsets-48 in 5 milliseconds for epoch 0, of which 5 milliseconds was spent in the scheduler. (kafka.coordinator.group.GroupMetadataManager)
kafka-1  | [2026-03-16 05:11:25,520] INFO [GroupMetadataManager brokerId=0] Finished loading offsets and group metadata from __consumer_offsets-11 in 5 milliseconds for epoch 0, of which 5 milliseconds was spent in the scheduler. (kafka.coordinator.group.GroupMetadataManager)
kafka-1  | [2026-03-16 05:11:25,520] INFO [GroupMetadataManager brokerId=0] Finished loading offsets and group metadata from __consumer_offsets-44 in 5 milliseconds for epoch 0, of which 5 milliseconds was spent in the scheduler. (kafka.coordinator.group.GroupMetadataManager)
kafka-1  | [2026-03-16 05:11:25,520] INFO [GroupMetadataManager brokerId=0] Finished loading offsets and group metadata from __consumer_offsets-23 in 5 milliseconds for epoch 0, of which 5 milliseconds was spent in the scheduler. (kafka.coordinator.group.GroupMetadataManager)
kafka-1  | [2026-03-16 05:11:25,520] INFO [GroupMetadataManager brokerId=0] Finished loading offsets and group metadata from __consumer_offsets-19 in 5 milliseconds for epoch 0, of which 5 milliseconds was spent in the scheduler. (kafka.coordinator.group.GroupMetadataManager)
kafka-1  | [2026-03-16 05:11:25,520] INFO [GroupMetadataManager brokerId=0] Finished loading offsets and group metadata from __consumer_offsets-32 in 5 milliseconds for epoch 0, of which 5 milliseconds was spent in the scheduler. (kafka.coordinator.group.GroupMetadataManager)
kafka-1  | [2026-03-16 05:11:25,520] INFO [GroupMetadataManager brokerId=0] Finished loading offsets and group metadata from __consumer_offsets-28 in 5 milliseconds for epoch 0, of which 5 milliseconds was spent in the scheduler. (kafka.coordinator.group.GroupMetadataManager)
kafka-1  | [2026-03-16 05:11:25,521] INFO [GroupMetadataManager brokerId=0] Finished loading offsets and group metadata from __consumer_offsets-7 in 6 milliseconds for epoch 0, of which 5 milliseconds was spent in the scheduler. (kafka.coordinator.group.GroupMetadataManager)
kafka-1  | [2026-03-16 05:11:25,521] INFO [GroupMetadataManager brokerId=0] Finished loading offsets and group metadata from __consumer_offsets-40 in 6 milliseconds for epoch 0, of which 6 milliseconds was spent in the scheduler. (kafka.coordinator.group.GroupMetadataManager)
kafka-1  | [2026-03-16 05:11:25,521] INFO [GroupMetadataManager brokerId=0] Finished loading offsets and group metadata from __consumer_offsets-3 in 6 milliseconds for epoch 0, of which 6 milliseconds was spent in the scheduler. (kafka.coordinator.group.GroupMetadataManager)
kafka-1  | [2026-03-16 05:11:25,521] INFO [GroupMetadataManager brokerId=0] Finished loading offsets and group metadata from __consumer_offsets-36 in 6 milliseconds for epoch 0, of which 6 milliseconds was spent in the scheduler. (kafka.coordinator.group.GroupMetadataManager)
kafka-1  | [2026-03-16 05:11:25,521] INFO [GroupMetadataManager brokerId=0] Finished loading offsets and group metadata from __consumer_offsets-47 in 6 milliseconds for epoch 0, of which 6 milliseconds was spent in the scheduler. (kafka.coordinator.group.GroupMetadataManager)
kafka-1  | [2026-03-16 05:11:25,521] INFO [GroupMetadataManager brokerId=0] Finished loading offsets and group metadata from __consumer_offsets-14 in 6 milliseconds for epoch 0, of which 6 milliseconds was spent in the scheduler. (kafka.coordinator.group.GroupMetadataManager)
kafka-1  | [2026-03-16 05:11:25,521] INFO [GroupMetadataManager brokerId=0] Finished loading offsets and group metadata from __consumer_offsets-43 in 6 milliseconds for epoch 0, of which 6 milliseconds was spent in the scheduler. (kafka.coordinator.group.GroupMetadataManager)
kafka-1  | [2026-03-16 05:11:25,522] INFO [GroupMetadataManager brokerId=0] Finished loading offsets and group metadata from __consumer_offsets-10 in 7 milliseconds for epoch 0, of which 6 milliseconds was spent in the scheduler. (kafka.coordinator.group.GroupMetadataManager)
kafka-1  | [2026-03-16 05:11:25,522] INFO [GroupMetadataManager brokerId=0] Finished loading offsets and group metadata from __consumer_offsets-22 in 7 milliseconds for epoch 0, of which 7 milliseconds was spent in the scheduler. (kafka.coordinator.group.GroupMetadataManager)
kafka-1  | [2026-03-16 05:11:25,522] INFO [GroupMetadataManager brokerId=0] Finished loading offsets and group metadata from __consumer_offsets-18 in 7 milliseconds for epoch 0, of which 7 milliseconds was spent in the scheduler. (kafka.coordinator.group.GroupMetadataManager)
kafka-1  | [2026-03-16 05:11:25,522] INFO [GroupMetadataManager brokerId=0] Finished loading offsets and group metadata from __consumer_offsets-31 in 7 milliseconds for epoch 0, of which 7 milliseconds was spent in the scheduler. (kafka.coordinator.group.GroupMetadataManager)
kafka-1  | [2026-03-16 05:11:25,522] INFO [GroupMetadataManager brokerId=0] Finished loading offsets and group metadata from __consumer_offsets-27 in 7 milliseconds for epoch 0, of which 7 milliseconds was spent in the scheduler. (kafka.coordinator.group.GroupMetadataManager)
kafka-1  | [2026-03-16 05:11:25,522] INFO [GroupMetadataManager brokerId=0] Finished loading offsets and group metadata from __consumer_offsets-39 in 7 milliseconds for epoch 0, of which 7 milliseconds was spent in the scheduler. (kafka.coordinator.group.GroupMetadataManager)
kafka-1  | [2026-03-16 05:11:25,522] INFO [GroupMetadataManager brokerId=0] Finished loading offsets and group metadata from __consumer_offsets-6 in 7 milliseconds for epoch 0, of which 7 milliseconds was spent in the scheduler. (kafka.coordinator.group.GroupMetadataManager)
kafka-1  | [2026-03-16 05:11:25,522] INFO [GroupMetadataManager brokerId=0] Finished loading offsets and group metadata from __consumer_offsets-35 in 7 milliseconds for epoch 0, of which 7 milliseconds was spent in the scheduler. (kafka.coordinator.group.GroupMetadataManager)
kafka-1  | [2026-03-16 05:11:25,522] INFO [GroupMetadataManager brokerId=0] Finished loading offsets and group metadata from __consumer_offsets-2 in 7 milliseconds for epoch 0, of which 7 milliseconds was spent in the scheduler. (kafka.coordinator.group.GroupMetadataManager)
kafka-1  | [2026-03-16 05:11:25,747] INFO [QuorumController id=0] CreateTopics result(s): CreatableTopic(name='smoke.events.created', numPartitions=1, replicationFactor=1, assignments=[], configs=[]): TOPIC_ALREADY_EXISTS (Topic 'smoke.events.created' already exists.) (org.apache.kafka.controller.ReplicationControlManager)
kafka-1  | [2026-03-16 05:11:30,209] INFO [GroupCoordinator 0]: Dynamic Member with unknown member id joins group quality-service-consumer-v1 in Empty state. Created a new member id quality-service-consumer-24d91ff2-111b-420f-a060-f00fd4263acc for this member and add to the group. (kafka.coordinator.group.GroupCoordinator)
kafka-1  | [2026-03-16 05:11:30,214] INFO [GroupCoordinator 0]: Preparing to rebalance group quality-service-consumer-v1 in state PreparingRebalance with old generation 0 (__consumer_offsets-6) (reason: Adding new member quality-service-consumer-24d91ff2-111b-420f-a060-f00fd4263acc with group instance id None; client reason: not provided) (kafka.coordinator.group.GroupCoordinator)
kafka-1  | [2026-03-16 05:11:33,225] INFO [GroupCoordinator 0]: Stabilized group quality-service-consumer-v1 generation 1 (__consumer_offsets-6) with 1 members (kafka.coordinator.group.GroupCoordinator)
kafka-1  | [2026-03-16 05:11:33,238] INFO [GroupCoordinator 0]: Assignment received from leader quality-service-consumer-24d91ff2-111b-420f-a060-f00fd4263acc for group quality-service-consumer-v1 for generation 1. The group has 1 members, 0 of which are static. (kafka.coordinator.group.GroupCoordinator)
